#
# There is insufficient memory for the Java Runtime Environment to continue.
# Native memory allocation (malloc) failed to allocate 1122416 bytes for Chunk::new
# Possible reasons:
#   The system is out of physical RAM or swap space
#   The process is running with CompressedOops enabled, and the Java Heap may be blocking the growth of the native heap
# Possible solutions:
#   Reduce memory load on the system
#   Increase physical memory or swap space
#   Check if swap backing store is full
#   Decrease Java heap size (-Xmx/-Xms)
#   Decrease number of Java threads
#   Decrease Java thread stack sizes (-Xss)
#   Set larger code cache with -XX:ReservedCodeCacheSize=
#   JVM is running with Unscaled Compressed Oops mode in which the Java heap is
#     placed in the first 4GB address space. The Java Heap base address is the
#     maximum limit for the native heap growth. Please use -XX:HeapBaseMinAddress
#     to set the Java Heap base and to place the Java Heap above 4GB virtual address.
# This output file may be truncated or incomplete.
#
#  Out of Memory Error (arena.cpp:189), pid=13476, tid=22020
#
# JRE version: OpenJDK Runtime Environment (17.0.6) (build 17.0.6+0-b2043.56-9586694)
# Java VM: OpenJDK 64-Bit Server VM (17.0.6+0-b2043.56-9586694, mixed mode, tiered, compressed oops, compressed class ptrs, g1 gc, windows-amd64)
# No core dump will be written. Minidumps are not enabled by default on client versions of Windows
#

---------------  S U M M A R Y ------------

Command Line: --add-opens=java.base/java.util=ALL-UNNAMED --add-opens=java.base/java.lang=ALL-UNNAMED --add-opens=java.base/java.lang.invoke=ALL-UNNAMED --add-opens=java.prefs/java.util.prefs=ALL-UNNAMED --add-opens=java.base/java.nio.charset=ALL-UNNAMED --add-opens=java.base/java.net=ALL-UNNAMED --add-opens=java.base/java.util.concurrent.atomic=ALL-UNNAMED -Xmx2048m -Dfile.encoding=UTF-8 -Duser.country=US -Duser.language=en -Duser.variant org.gradle.launcher.daemon.bootstrap.GradleDaemon 8.0

Host: 11th Gen Intel(R) Core(TM) i7-1165G7 @ 2.80GHz, 8 cores, 7G,  Windows 11 , 64 bit Build 22621 (10.0.22621.1928)
Time: Sun Jul 16 16:27:08 2023 Sri Lanka Standard Time elapsed time: 17.620443 seconds (0d 0h 0m 17s)

---------------  T H R E A D  ---------------

Current thread (0x00000284b985a790):  JavaThread "C2 CompilerThread0" daemon [_thread_in_native, id=22020, stack(0x000000b6a6a00000,0x000000b6a6b00000)]


Current CompileTask:
C2:  17620 7422 %     4       org.gradle.internal.instantiation.generator.AbstractClassGenerator::inspectType @ 207 (560 bytes)

Stack: [0x000000b6a6a00000,0x000000b6a6b00000]
Native frames: (J=compiled Java code, j=interpreted, Vv=VM code, C=native code)
V  [jvm.dll+0x683b4a]
V  [jvm.dll+0x842654]
V  [jvm.dll+0x843dfe]
V  [jvm.dll+0x844463]
V  [jvm.dll+0x249b75]
V  [jvm.dll+0xabcac]
V  [jvm.dll+0xac27c]
V  [jvm.dll+0x2b0eef]
V  [jvm.dll+0x58a207]
V  [jvm.dll+0x2243b2]
V  [jvm.dll+0x21dbe9]
V  [jvm.dll+0x21b51b]
V  [jvm.dll+0x1a4fdd]
V  [jvm.dll+0x22b098]
V  [jvm.dll+0x229159]
V  [jvm.dll+0x7f809c]
V  [jvm.dll+0x7f25fa]
V  [jvm.dll+0x682985]
C  [ucrtbase.dll+0x29363]
C  [KERNEL32.DLL+0x126ad]
C  [ntdll.dll+0x5aa68]


---------------  P R O C E S S  ---------------

Threads class SMR info:
_java_thread_list=0x00000284be6b76b0, length=126, elements={
0x000002849efa9460, 0x00000284b8e0d550, 0x00000284b9833020, 0x00000284b8e1e940,
0x00000284b9856640, 0x00000284b9859100, 0x00000284b9859ab0, 0x00000284b985a790,
0x00000284b985b590, 0x00000284b9880860, 0x00000284b99e2770, 0x00000284b99e4c50,
0x00000284bac76960, 0x00000284ba6fea80, 0x00000284baf8bd70, 0x00000284bb0d00f0,
0x00000284bb1a0860, 0x00000284bb358050, 0x00000284bb1a3a50, 0x00000284bbc5e290,
0x00000284bbc5f100, 0x00000284bbc5cf50, 0x00000284bbc5f5d0, 0x00000284bbc5c5b0,
0x00000284bbc5c0e0, 0x00000284bbc5faa0, 0x00000284bbc5e760, 0x00000284bbc5ca80,
0x00000284bbc5d420, 0x00000284bbc5d8f0, 0x00000284bbc5ddc0, 0x00000284bbc5ec30,
0x00000284bc21e840, 0x00000284bc220520, 0x00000284bc21ed10, 0x00000284bc222ba0,
0x00000284bc2226d0, 0x00000284bc220ec0, 0x00000284bc221390, 0x00000284bc21f6b0,
0x00000284bc221860, 0x00000284bc21f1e0, 0x00000284bc223070, 0x00000284bc21d500,
0x00000284bc221d30, 0x00000284bc21c1c0, 0x00000284bc222200, 0x00000284bc21c690,
0x00000284bc21cb60, 0x00000284bc21fb80, 0x00000284bc223540, 0x00000284bc21bcf0,
0x00000284bc21d030, 0x00000284bc21d9d0, 0x00000284bc21dea0, 0x00000284bbdc56e0,
0x00000284bbdc1850, 0x00000284bbdc09e0, 0x00000284bbdc3ed0, 0x00000284bbdc26c0,
0x00000284bbdc1380, 0x00000284bbdc3530, 0x00000284bbdc2b90, 0x00000284bbdc6080,
0x00000284bbdc5bb0, 0x00000284bbdc21f0, 0x00000284bbdc6550, 0x00000284bbdc3a00,
0x00000284bbdc5210, 0x00000284bbdc0eb0, 0x00000284bbdc4d40, 0x00000284bbdc43a0,
0x00000284bbdbfb70, 0x00000284bbdc1d20, 0x00000284bbdbed00, 0x00000284bbdbf6a0,
0x00000284bbdbf1d0, 0x00000284bbdc3060, 0x00000284bbdc0040, 0x00000284bbdc4870,
0x00000284bbdc0510, 0x00000284bc6b5470, 0x00000284bc6b7fc0, 0x00000284bc6bb980,
0x00000284bc6b8490, 0x00000284bc6bafe0, 0x00000284bc6b4fa0, 0x00000284bc6b4ad0,
0x00000284bc6b5e10, 0x00000284bc6b5940, 0x00000284bc6b8960, 0x00000284bc6b67b0,
0x00000284bc6bbe50, 0x00000284bc6b6c80, 0x00000284bc6ba170, 0x00000284bc6b62e0,
0x00000284bc6b8e30, 0x00000284bc6b9300, 0x00000284bc6b7150, 0x00000284bc6b7620,
0x00000284bc6b97d0, 0x00000284bc6b7af0, 0x00000284bc6b9ca0, 0x00000284bc6ba640,
0x00000284bc6bab10, 0x00000284bc6b4600, 0x00000284bc6bb4b0, 0x00000284bc8b9890,
0x00000284bc8b6d40, 0x00000284bc8b5a00, 0x00000284bc8b5ed0, 0x00000284bc8b7210,
0x00000284bc8bc3e0, 0x00000284bc8b63a0, 0x00000284bc8b9d60, 0x00000284bc8b6870,
0x00000284bc8ba230, 0x00000284bc8b5530, 0x00000284bc8bbf10, 0x00000284bc8b8550,
0x00000284bc8b76e0, 0x00000284bc8b7bb0, 0x00000284bc8b8080, 0x00000284b9ae6020,
0x00000284bc8b8a20, 0x00000284bc8bc8b0
}

Java Threads: ( => current thread )
  0x000002849efa9460 JavaThread "main" [_thread_blocked, id=19656, stack(0x000000b6a5d00000,0x000000b6a5e00000)]
  0x00000284b8e0d550 JavaThread "Reference Handler" daemon [_thread_blocked, id=19116, stack(0x000000b6a6400000,0x000000b6a6500000)]
  0x00000284b9833020 JavaThread "Finalizer" daemon [_thread_blocked, id=11828, stack(0x000000b6a6500000,0x000000b6a6600000)]
  0x00000284b8e1e940 JavaThread "Signal Dispatcher" daemon [_thread_blocked, id=20468, stack(0x000000b6a6600000,0x000000b6a6700000)]
  0x00000284b9856640 JavaThread "Attach Listener" daemon [_thread_blocked, id=2924, stack(0x000000b6a6700000,0x000000b6a6800000)]
  0x00000284b9859100 JavaThread "Service Thread" daemon [_thread_blocked, id=6784, stack(0x000000b6a6800000,0x000000b6a6900000)]
  0x00000284b9859ab0 JavaThread "Monitor Deflation Thread" daemon [_thread_blocked, id=23116, stack(0x000000b6a6900000,0x000000b6a6a00000)]
=>0x00000284b985a790 JavaThread "C2 CompilerThread0" daemon [_thread_in_native, id=22020, stack(0x000000b6a6a00000,0x000000b6a6b00000)]
  0x00000284b985b590 JavaThread "C1 CompilerThread0" daemon [_thread_in_native, id=4616, stack(0x000000b6a6b00000,0x000000b6a6c00000)]
  0x00000284b9880860 JavaThread "Sweeper thread" daemon [_thread_blocked, id=12376, stack(0x000000b6a6c00000,0x000000b6a6d00000)]
  0x00000284b99e2770 JavaThread "Common-Cleaner" daemon [_thread_blocked, id=3844, stack(0x000000b6a6d00000,0x000000b6a6e00000)]
  0x00000284b99e4c50 JavaThread "Notification Thread" daemon [_thread_blocked, id=21400, stack(0x000000b6a6e00000,0x000000b6a6f00000)]
  0x00000284bac76960 JavaThread "Daemon health stats" [_thread_blocked, id=10080, stack(0x000000b6a7400000,0x000000b6a7500000)]
  0x00000284ba6fea80 JavaThread "Incoming local TCP Connector on port 59422" [_thread_in_native, id=17684, stack(0x000000b6a7500000,0x000000b6a7600000)]
  0x00000284baf8bd70 JavaThread "Daemon periodic checks" [_thread_blocked, id=6844, stack(0x000000b6a7600000,0x000000b6a7700000)]
  0x00000284bb0d00f0 JavaThread "Daemon" [_thread_blocked, id=23172, stack(0x000000b6a7700000,0x000000b6a7800000)]
  0x00000284bb1a0860 JavaThread "Handler for socket connection from /127.0.0.1:59422 to /127.0.0.1:59424" [_thread_in_native, id=18088, stack(0x000000b6a7800000,0x000000b6a7900000)]
  0x00000284bb358050 JavaThread "Cancel handler" [_thread_blocked, id=18500, stack(0x000000b6a7900000,0x000000b6a7a00000)]
  0x00000284bb1a3a50 JavaThread "Daemon worker" [_thread_in_native, id=17392, stack(0x000000b6a7a00000,0x000000b6a7b00000)]
  0x00000284bbc5e290 JavaThread "Asynchronous log dispatcher for DefaultDaemonConnection: socket connection from /127.0.0.1:59422 to /127.0.0.1:59424" [_thread_blocked, id=8172, stack(0x000000b6a7b00000,0x000000b6a7c00000)]
  0x00000284bbc5f100 JavaThread "Stdin handler" [_thread_blocked, id=17160, stack(0x000000b6a7c00000,0x000000b6a7d00000)]
  0x00000284bbc5cf50 JavaThread "Daemon client event forwarder" [_thread_blocked, id=7908, stack(0x000000b6a7d00000,0x000000b6a7e00000)]
  0x00000284bbc5f5d0 JavaThread "Cache worker for journal cache (C:\Users\nimasha\.gradle\caches\journal-1)" [_thread_blocked, id=13108, stack(0x000000b6a8200000,0x000000b6a8300000)]
  0x00000284bbc5c5b0 JavaThread "File lock request listener" [_thread_in_native, id=7028, stack(0x000000b6a8300000,0x000000b6a8400000)]
  0x00000284bbc5c0e0 JavaThread "Cache worker for file hash cache (C:\Users\nimasha\.gradle\caches\8.0\fileHashes)" [_thread_blocked, id=21324, stack(0x000000b6a8400000,0x000000b6a8500000)]
  0x00000284bbc5faa0 JavaThread "File watcher server" daemon [_thread_in_native, id=21304, stack(0x000000b6a8500000,0x000000b6a8600000)]
  0x00000284bbc5e760 JavaThread "File watcher consumer" daemon [_thread_blocked, id=21440, stack(0x000000b6a8600000,0x000000b6a8700000)]
  0x00000284bbc5ca80 JavaThread "Cache worker for checksums cache (C:\Users\nimasha\Desktop\MyApplication\MyApplication\.gradle\8.0\checksums)" [_thread_blocked, id=22148, stack(0x000000b6a8700000,0x000000b6a8800000)]
  0x00000284bbc5d420 JavaThread "Cache worker for cache directory md-rule (C:\Users\nimasha\.gradle\caches\8.0\md-rule)" [_thread_blocked, id=20800, stack(0x000000b6a8800000,0x000000b6a8900000)]
  0x00000284bbc5d8f0 JavaThread "Cache worker for file content cache (C:\Users\nimasha\.gradle\caches\8.0\fileContent)" [_thread_blocked, id=16936, stack(0x000000b6a8900000,0x000000b6a8a00000)]
  0x00000284bbc5ddc0 JavaThread "Cache worker for file hash cache (C:\Users\nimasha\Desktop\MyApplication\MyApplication\.gradle\8.0\fileHashes)" [_thread_blocked, id=6208, stack(0x000000b6a8a00000,0x000000b6a8b00000)]
  0x00000284bbc5ec30 JavaThread "Cache worker for cache directory md-supplier (C:\Users\nimasha\.gradle\caches\8.0\md-supplier)" [_thread_blocked, id=4132, stack(0x000000b6a8b00000,0x000000b6a8c00000)]
  0x00000284bc21e840 JavaThread "Cache worker for execution history cache (C:\Users\nimasha\.gradle\caches\8.0\executionHistory)" [_thread_blocked, id=1792, stack(0x000000b6a8c00000,0x000000b6a8d00000)]
  0x00000284bc220520 JavaThread "jar transforms" [_thread_blocked, id=11520, stack(0x000000b6a8d00000,0x000000b6a8e00000)]
  0x00000284bc21ed10 JavaThread "jar transforms Thread 2" [_thread_blocked, id=15596, stack(0x000000b6a8e00000,0x000000b6a8f00000)]
  0x00000284bc222ba0 JavaThread "jar transforms Thread 3" [_thread_blocked, id=15712, stack(0x000000b6a9000000,0x000000b6a9100000)]
  0x00000284bc2226d0 JavaThread "jar transforms Thread 4" [_thread_blocked, id=13976, stack(0x000000b6a9100000,0x000000b6a9200000)]
  0x00000284bc220ec0 JavaThread "Cache worker for dependencies-accessors (C:\Users\nimasha\Desktop\MyApplication\MyApplication\.gradle\8.0\dependencies-accessors)" [_thread_blocked, id=15640, stack(0x000000b6a9200000,0x000000b6a9300000)]
  0x00000284bc221390 JavaThread "jar transforms Thread 5" [_thread_blocked, id=3416, stack(0x000000b6a9300000,0x000000b6a9400000)]
  0x00000284bc21f6b0 JavaThread "Cache worker for Build Output Cleanup Cache (C:\Users\nimasha\Desktop\MyApplication\MyApplication\.gradle\buildOutputCleanup)" [_thread_blocked, id=11692, stack(0x000000b6a9400000,0x000000b6a9500000)]
  0x00000284bc221860 JavaThread "Unconstrained build operations" [_thread_blocked, id=8900, stack(0x000000b6a9600000,0x000000b6a9700000)]
  0x00000284bc21f1e0 JavaThread "Unconstrained build operations Thread 2" [_thread_blocked, id=21520, stack(0x000000b6a9700000,0x000000b6a9800000)]
  0x00000284bc223070 JavaThread "Unconstrained build operations Thread 3" [_thread_blocked, id=2376, stack(0x000000b6a9800000,0x000000b6a9900000)]
  0x00000284bc21d500 JavaThread "Unconstrained build operations Thread 4" [_thread_blocked, id=21392, stack(0x000000b6a9900000,0x000000b6a9a00000)]
  0x00000284bc221d30 JavaThread "Unconstrained build operations Thread 5" [_thread_blocked, id=3140, stack(0x000000b6a9a00000,0x000000b6a9b00000)]
  0x00000284bc21c1c0 JavaThread "Unconstrained build operations Thread 6" [_thread_blocked, id=12060, stack(0x000000b6a9b00000,0x000000b6a9c00000)]
  0x00000284bc222200 JavaThread "Unconstrained build operations Thread 7" [_thread_blocked, id=19732, stack(0x000000b6a9c00000,0x000000b6a9d00000)]
  0x00000284bc21c690 JavaThread "Unconstrained build operations Thread 8" [_thread_blocked, id=22648, stack(0x000000b6a9d00000,0x000000b6a9e00000)]
  0x00000284bc21cb60 JavaThread "Unconstrained build operations Thread 9" [_thread_blocked, id=9888, stack(0x000000b6a9e00000,0x000000b6a9f00000)]
  0x00000284bc21fb80 JavaThread "Unconstrained build operations Thread 10" [_thread_blocked, id=18844, stack(0x000000b6a9f00000,0x000000b6aa000000)]
  0x00000284bc223540 JavaThread "Unconstrained build operations Thread 11" [_thread_blocked, id=17480, stack(0x000000b6aa000000,0x000000b6aa100000)]
  0x00000284bc21bcf0 JavaThread "Unconstrained build operations Thread 12" [_thread_blocked, id=20688, stack(0x000000b6aa100000,0x000000b6aa200000)]
  0x00000284bc21d030 JavaThread "Unconstrained build operations Thread 13" [_thread_blocked, id=11904, stack(0x000000b6aa200000,0x000000b6aa300000)]
  0x00000284bc21d9d0 JavaThread "Unconstrained build operations Thread 14" [_thread_blocked, id=12972, stack(0x000000b6aa300000,0x000000b6aa400000)]
  0x00000284bc21dea0 JavaThread "Unconstrained build operations Thread 15" [_thread_blocked, id=1968, stack(0x000000b6aa400000,0x000000b6aa500000)]
  0x00000284bbdc56e0 JavaThread "Unconstrained build operations Thread 16" [_thread_blocked, id=20928, stack(0x000000b6aa500000,0x000000b6aa600000)]
  0x00000284bbdc1850 JavaThread "Unconstrained build operations Thread 17" [_thread_blocked, id=19588, stack(0x000000b6aa600000,0x000000b6aa700000)]
  0x00000284bbdc09e0 JavaThread "Unconstrained build operations Thread 18" [_thread_blocked, id=20520, stack(0x000000b6aa700000,0x000000b6aa800000)]
  0x00000284bbdc3ed0 JavaThread "Unconstrained build operations Thread 19" [_thread_blocked, id=22988, stack(0x000000b6aa800000,0x000000b6aa900000)]
  0x00000284bbdc26c0 JavaThread "Unconstrained build operations Thread 20" [_thread_blocked, id=2908, stack(0x000000b6aa900000,0x000000b6aaa00000)]
  0x00000284bbdc1380 JavaThread "Unconstrained build operations Thread 21" [_thread_blocked, id=16736, stack(0x000000b6aaa00000,0x000000b6aab00000)]
  0x00000284bbdc3530 JavaThread "Unconstrained build operations Thread 22" [_thread_blocked, id=18036, stack(0x000000b6aab00000,0x000000b6aac00000)]
  0x00000284bbdc2b90 JavaThread "Unconstrained build operations Thread 23" [_thread_blocked, id=22960, stack(0x000000b6aac00000,0x000000b6aad00000)]
  0x00000284bbdc6080 JavaThread "Unconstrained build operations Thread 24" [_thread_blocked, id=19440, stack(0x000000b6aad00000,0x000000b6aae00000)]
  0x00000284bbdc5bb0 JavaThread "Unconstrained build operations Thread 25" [_thread_blocked, id=18776, stack(0x000000b6aae00000,0x000000b6aaf00000)]
  0x00000284bbdc21f0 JavaThread "Unconstrained build operations Thread 26" [_thread_blocked, id=20804, stack(0x000000b6aaf00000,0x000000b6ab000000)]
  0x00000284bbdc6550 JavaThread "Unconstrained build operations Thread 27" [_thread_blocked, id=14328, stack(0x000000b6ab000000,0x000000b6ab100000)]
  0x00000284bbdc3a00 JavaThread "Unconstrained build operations Thread 28" [_thread_blocked, id=2412, stack(0x000000b6ab100000,0x000000b6ab200000)]
  0x00000284bbdc5210 JavaThread "Unconstrained build operations Thread 29" [_thread_blocked, id=1420, stack(0x000000b6ab200000,0x000000b6ab300000)]
  0x00000284bbdc0eb0 JavaThread "Unconstrained build operations Thread 30" [_thread_blocked, id=20644, stack(0x000000b6ab300000,0x000000b6ab400000)]
  0x00000284bbdc4d40 JavaThread "Unconstrained build operations Thread 31" [_thread_blocked, id=20824, stack(0x000000b6ab400000,0x000000b6ab500000)]
  0x00000284bbdc43a0 JavaThread "Unconstrained build operations Thread 32" [_thread_blocked, id=6464, stack(0x000000b6ab500000,0x000000b6ab600000)]
  0x00000284bbdbfb70 JavaThread "Unconstrained build operations Thread 33" [_thread_blocked, id=3324, stack(0x000000b6ab600000,0x000000b6ab700000)]
  0x00000284bbdc1d20 JavaThread "Unconstrained build operations Thread 34" [_thread_blocked, id=21916, stack(0x000000b6ab700000,0x000000b6ab800000)]
  0x00000284bbdbed00 JavaThread "Unconstrained build operations Thread 35" [_thread_blocked, id=19920, stack(0x000000b6ab800000,0x000000b6ab900000)]
  0x00000284bbdbf6a0 JavaThread "Unconstrained build operations Thread 36" [_thread_blocked, id=8736, stack(0x000000b6ab900000,0x000000b6aba00000)]
  0x00000284bbdbf1d0 JavaThread "Unconstrained build operations Thread 37" [_thread_blocked, id=18392, stack(0x000000b6aba00000,0x000000b6abb00000)]
  0x00000284bbdc3060 JavaThread "Unconstrained build operations Thread 38" [_thread_blocked, id=8932, stack(0x000000b6abb00000,0x000000b6abc00000)]
  0x00000284bbdc0040 JavaThread "Unconstrained build operations Thread 39" [_thread_blocked, id=3256, stack(0x000000b6abc00000,0x000000b6abd00000)]
  0x00000284bbdc4870 JavaThread "Unconstrained build operations Thread 40" [_thread_blocked, id=13292, stack(0x000000b6abd00000,0x000000b6abe00000)]
  0x00000284bbdc0510 JavaThread "Unconstrained build operations Thread 41" [_thread_blocked, id=19208, stack(0x000000b6abe00000,0x000000b6abf00000)]
  0x00000284bc6b5470 JavaThread "Unconstrained build operations Thread 42" [_thread_blocked, id=17896, stack(0x000000b6abf00000,0x000000b6ac000000)]
  0x00000284bc6b7fc0 JavaThread "Unconstrained build operations Thread 43" [_thread_blocked, id=18104, stack(0x000000b6ac000000,0x000000b6ac100000)]
  0x00000284bc6bb980 JavaThread "Unconstrained build operations Thread 44" [_thread_blocked, id=6184, stack(0x000000b6ac100000,0x000000b6ac200000)]
  0x00000284bc6b8490 JavaThread "Unconstrained build operations Thread 45" [_thread_blocked, id=20200, stack(0x000000b6ac200000,0x000000b6ac300000)]
  0x00000284bc6bafe0 JavaThread "Unconstrained build operations Thread 46" [_thread_blocked, id=16256, stack(0x000000b6ac300000,0x000000b6ac400000)]
  0x00000284bc6b4fa0 JavaThread "Unconstrained build operations Thread 47" [_thread_blocked, id=15268, stack(0x000000b6ac400000,0x000000b6ac500000)]
  0x00000284bc6b4ad0 JavaThread "Unconstrained build operations Thread 48" [_thread_blocked, id=18976, stack(0x000000b6ac500000,0x000000b6ac600000)]
  0x00000284bc6b5e10 JavaThread "Unconstrained build operations Thread 49" [_thread_blocked, id=9300, stack(0x000000b6ac600000,0x000000b6ac700000)]
  0x00000284bc6b5940 JavaThread "Unconstrained build operations Thread 50" [_thread_blocked, id=16188, stack(0x000000b6ac700000,0x000000b6ac800000)]
  0x00000284bc6b8960 JavaThread "Unconstrained build operations Thread 51" [_thread_blocked, id=21068, stack(0x000000b6ac800000,0x000000b6ac900000)]
  0x00000284bc6b67b0 JavaThread "Unconstrained build operations Thread 52" [_thread_blocked, id=18872, stack(0x000000b6ac900000,0x000000b6aca00000)]
  0x00000284bc6bbe50 JavaThread "Unconstrained build operations Thread 53" [_thread_blocked, id=13240, stack(0x000000b6aca00000,0x000000b6acb00000)]
  0x00000284bc6b6c80 JavaThread "Unconstrained build operations Thread 54" [_thread_blocked, id=13600, stack(0x000000b6acb00000,0x000000b6acc00000)]
  0x00000284bc6ba170 JavaThread "Unconstrained build operations Thread 55" [_thread_blocked, id=9056, stack(0x000000b6acc00000,0x000000b6acd00000)]
  0x00000284bc6b62e0 JavaThread "Unconstrained build operations Thread 56" [_thread_blocked, id=23268, stack(0x000000b6acd00000,0x000000b6ace00000)]
  0x00000284bc6b8e30 JavaThread "Unconstrained build operations Thread 57" [_thread_blocked, id=996, stack(0x000000b6ace00000,0x000000b6acf00000)]
  0x00000284bc6b9300 JavaThread "Unconstrained build operations Thread 58" [_thread_blocked, id=20308, stack(0x000000b6acf00000,0x000000b6ad000000)]
  0x00000284bc6b7150 JavaThread "Unconstrained build operations Thread 59" [_thread_blocked, id=20700, stack(0x000000b6ad000000,0x000000b6ad100000)]
  0x00000284bc6b7620 JavaThread "Unconstrained build operations Thread 60" [_thread_blocked, id=6964, stack(0x000000b6ad100000,0x000000b6ad200000)]
  0x00000284bc6b97d0 JavaThread "Unconstrained build operations Thread 61" [_thread_blocked, id=19696, stack(0x000000b6ad200000,0x000000b6ad300000)]
  0x00000284bc6b7af0 JavaThread "Unconstrained build operations Thread 62" [_thread_blocked, id=13544, stack(0x000000b6ad300000,0x000000b6ad400000)]
  0x00000284bc6b9ca0 JavaThread "Unconstrained build operations Thread 63" [_thread_blocked, id=18460, stack(0x000000b6ad400000,0x000000b6ad500000)]
  0x00000284bc6ba640 JavaThread "Unconstrained build operations Thread 64" [_thread_blocked, id=16160, stack(0x000000b6ad500000,0x000000b6ad600000)]
  0x00000284bc6bab10 JavaThread "Unconstrained build operations Thread 65" [_thread_blocked, id=7308, stack(0x000000b6ad600000,0x000000b6ad700000)]
  0x00000284bc6b4600 JavaThread "Unconstrained build operations Thread 66" [_thread_blocked, id=19108, stack(0x000000b6ad700000,0x000000b6ad800000)]
  0x00000284bc6bb4b0 JavaThread "Unconstrained build operations Thread 67" [_thread_blocked, id=4072, stack(0x000000b6ad800000,0x000000b6ad900000)]
  0x00000284bc8b9890 JavaThread "Unconstrained build operations Thread 68" [_thread_blocked, id=17876, stack(0x000000b6ad900000,0x000000b6ada00000)]
  0x00000284bc8b6d40 JavaThread "Unconstrained build operations Thread 69" [_thread_blocked, id=23320, stack(0x000000b6ada00000,0x000000b6adb00000)]
  0x00000284bc8b5a00 JavaThread "Unconstrained build operations Thread 70" [_thread_blocked, id=11396, stack(0x000000b6adb00000,0x000000b6adc00000)]
  0x00000284bc8b5ed0 JavaThread "Unconstrained build operations Thread 71" [_thread_blocked, id=14500, stack(0x000000b6adc00000,0x000000b6add00000)]
  0x00000284bc8b7210 JavaThread "Unconstrained build operations Thread 72" [_thread_blocked, id=21132, stack(0x000000b6add00000,0x000000b6ade00000)]
  0x00000284bc8bc3e0 JavaThread "Unconstrained build operations Thread 73" [_thread_blocked, id=19244, stack(0x000000b6ade00000,0x000000b6adf00000)]
  0x00000284bc8b63a0 JavaThread "Unconstrained build operations Thread 74" [_thread_blocked, id=17648, stack(0x000000b6adf00000,0x000000b6ae000000)]
  0x00000284bc8b9d60 JavaThread "Unconstrained build operations Thread 75" [_thread_blocked, id=22164, stack(0x000000b6ae000000,0x000000b6ae100000)]
  0x00000284bc8b6870 JavaThread "Unconstrained build operations Thread 76" [_thread_blocked, id=19452, stack(0x000000b6ae100000,0x000000b6ae200000)]
  0x00000284bc8ba230 JavaThread "Unconstrained build operations Thread 77" [_thread_blocked, id=18540, stack(0x000000b6ae200000,0x000000b6ae300000)]
  0x00000284bc8b5530 JavaThread "Unconstrained build operations Thread 78" [_thread_blocked, id=13400, stack(0x000000b6ae300000,0x000000b6ae400000)]
  0x00000284bc8bbf10 JavaThread "Unconstrained build operations Thread 79" [_thread_blocked, id=22000, stack(0x000000b6ae400000,0x000000b6ae500000)]
  0x00000284bc8b8550 JavaThread "Unconstrained build operations Thread 80" [_thread_blocked, id=13564, stack(0x000000b6ae500000,0x000000b6ae600000)]
  0x00000284bc8b76e0 JavaThread "jar transforms Thread 6" [_thread_blocked, id=16876, stack(0x000000b6ae700000,0x000000b6ae800000)]
  0x00000284bc8b7bb0 JavaThread "jar transforms Thread 7" [_thread_blocked, id=14836, stack(0x000000b6ae800000,0x000000b6ae900000)]
  0x00000284bc8b8080 JavaThread "jar transforms Thread 8" [_thread_blocked, id=16776, stack(0x000000b6ae900000,0x000000b6aea00000)]
  0x00000284b9ae6020 JavaThread "C2 CompilerThread1" daemon [_thread_in_native, id=9768, stack(0x000000b6ae600000,0x000000b6ae700000)]
  0x00000284bc8b8a20 JavaThread "build event listener" [_thread_blocked, id=7576, stack(0x000000b6aea00000,0x000000b6aeb00000)]
  0x00000284bc8bc8b0 JavaThread "Memory manager" [_thread_blocked, id=1796, stack(0x000000b6aeb00000,0x000000b6aec00000)]

Other Threads:
  0x00000284b8e0a290 VMThread "VM Thread" [stack: 0x000000b6a6300000,0x000000b6a6400000] [id=22472]
  0x00000284b99e7130 WatcherThread [stack: 0x000000b6a6f00000,0x000000b6a7000000] [id=6152]
  0x000002849f0064a0 GCTaskThread "GC Thread#0" [stack: 0x000000b6a5e00000,0x000000b6a5f00000] [id=6884]
  0x00000284ba052a60 GCTaskThread "GC Thread#1" [stack: 0x000000b6a7000000,0x000000b6a7100000] [id=18420]
  0x00000284ba0559b0 GCTaskThread "GC Thread#2" [stack: 0x000000b6a7100000,0x000000b6a7200000] [id=22712]
  0x00000284ba709ac0 GCTaskThread "GC Thread#3" [stack: 0x000000b6a7200000,0x000000b6a7300000] [id=7964]
  0x00000284baaef8c0 GCTaskThread "GC Thread#4" [stack: 0x000000b6a7300000,0x000000b6a7400000] [id=8108]
  0x00000284bbeefc60 GCTaskThread "GC Thread#5" [stack: 0x000000b6a7e00000,0x000000b6a7f00000] [id=9932]
  0x00000284bbc2bc70 GCTaskThread "GC Thread#6" [stack: 0x000000b6a7f00000,0x000000b6a8000000] [id=1116]
  0x00000284bbcb2190 GCTaskThread "GC Thread#7" [stack: 0x000000b6a8000000,0x000000b6a8100000] [id=17672]
  0x000002849f017540 ConcurrentGCThread "G1 Main Marker" [stack: 0x000000b6a5f00000,0x000000b6a6000000] [id=23388]
  0x000002849f017f50 ConcurrentGCThread "G1 Conc#0" [stack: 0x000000b6a6000000,0x000000b6a6100000] [id=9940]
  0x00000284bbc97a50 ConcurrentGCThread "G1 Conc#1" [stack: 0x000000b6a8100000,0x000000b6a8200000] [id=4108]
  0x000002849f06ec50 ConcurrentGCThread "G1 Refine#0" [stack: 0x000000b6a6100000,0x000000b6a6200000] [id=17832]
  0x00000284bdc360e0 ConcurrentGCThread "G1 Refine#1" [stack: 0x000000b6a8f00000,0x000000b6a9000000] [id=20020]
  0x00000284b8c76c80 ConcurrentGCThread "G1 Service" [stack: 0x000000b6a6200000,0x000000b6a6300000] [id=13552]

Threads with active compile tasks:
C2 CompilerThread0    17671 7422 %     4       org.gradle.internal.instantiation.generator.AbstractClassGenerator::inspectType @ 207 (560 bytes)
C2 CompilerThread1    17671 7488       4       com.google.gson.stream.JsonReader::nextQuotedValue (271 bytes)

VM state: not at safepoint (normal execution)

VM Mutex/Monitor currently owned by a thread:  ([mutex/lock_event])
[0x000002849ce3ca10] CodeCache_lock - owner thread: 0x0000000000000000

Heap address: 0x0000000080000000, size: 2048 MB, Compressed Oops mode: 32-bit

CDS archive(s) not mapped
Compressed class space mapped at: 0x0000000100000000-0x0000000140000000, reserved size: 1073741824
Narrow klass base: 0x0000000000000000, Narrow klass shift: 3, Narrow klass range: 0x140000000

GC Precious Log:
 CPUs: 8 total, 8 available
 Memory: 7957M
 Large Page Support: Disabled
 NUMA Support: Disabled
 Compressed Oops: Enabled (32-bit)
 Heap Region Size: 1M
 Heap Min Capacity: 8M
 Heap Initial Capacity: 126M
 Heap Max Capacity: 2G
 Pre-touch: Disabled
 Parallel Workers: 8
 Concurrent Workers: 2
 Concurrent Refinement Workers: 8
 Periodic GC: Disabled

Heap:
 garbage-first heap   total 139264K, used 79052K [0x0000000080000000, 0x0000000100000000)
  region size 1024K, 21 young (21504K), 6 survivors (6144K)
 Metaspace       used 74522K, committed 75072K, reserved 1114112K
  class space    used 9728K, committed 9984K, reserved 1048576K

Heap Regions: E=young(eden), S=young(survivor), O=old, HS=humongous(starts), HC=humongous(continues), CS=collection set, F=free, OA=open archive, CA=closed archive, TAMS=top-at-mark-start (previous, next)
|   0|0x0000000080000000, 0x0000000080100000, 0x0000000080100000|100%|HS|  |TAMS 0x0000000080100000, 0x0000000080000000| Complete 
|   1|0x0000000080100000, 0x0000000080200000, 0x0000000080200000|100%|HC|  |TAMS 0x0000000080200000, 0x0000000080100000| Complete 
|   2|0x0000000080200000, 0x0000000080300000, 0x0000000080300000|100%|HC|  |TAMS 0x0000000080300000, 0x0000000080200000| Complete 
|   3|0x0000000080300000, 0x0000000080400000, 0x0000000080400000|100%|HC|  |TAMS 0x0000000080400000, 0x0000000080300000| Complete 
|   4|0x0000000080400000, 0x0000000080500000, 0x0000000080500000|100%| O|  |TAMS 0x0000000080500000, 0x0000000080400000| Untracked 
|   5|0x0000000080500000, 0x0000000080600000, 0x0000000080600000|100%| O|  |TAMS 0x0000000080600000, 0x0000000080500000| Untracked 
|   6|0x0000000080600000, 0x0000000080700000, 0x0000000080700000|100%| O|  |TAMS 0x0000000080700000, 0x0000000080600000| Untracked 
|   7|0x0000000080700000, 0x0000000080800000, 0x0000000080800000|100%| O|  |TAMS 0x0000000080800000, 0x0000000080700000| Untracked 
|   8|0x0000000080800000, 0x0000000080900000, 0x0000000080900000|100%| O|  |TAMS 0x0000000080900000, 0x0000000080800000| Untracked 
|   9|0x0000000080900000, 0x0000000080a00000, 0x0000000080a00000|100%| O|  |TAMS 0x0000000080a00000, 0x0000000080900000| Untracked 
|  10|0x0000000080a00000, 0x0000000080b00000, 0x0000000080b00000|100%| O|  |TAMS 0x0000000080b00000, 0x0000000080a00000| Untracked 
|  11|0x0000000080b00000, 0x0000000080c00000, 0x0000000080c00000|100%| O|  |TAMS 0x0000000080b6e200, 0x0000000080b00000| Untracked 
|  12|0x0000000080c00000, 0x0000000080d00000, 0x0000000080d00000|100%| O|  |TAMS 0x0000000080d00000, 0x0000000080c00000| Untracked 
|  13|0x0000000080d00000, 0x0000000080e00000, 0x0000000080e00000|100%|HS|  |TAMS 0x0000000080d00000, 0x0000000080d00000| Complete 
|  14|0x0000000080e00000, 0x0000000080f00000, 0x0000000080f00000|100%| O|  |TAMS 0x0000000080f00000, 0x0000000080e00000| Untracked 
|  15|0x0000000080f00000, 0x0000000081000000, 0x0000000081000000|100%| O|  |TAMS 0x0000000081000000, 0x0000000080f00000| Untracked 
|  16|0x0000000081000000, 0x0000000081100000, 0x0000000081100000|100%| O|  |TAMS 0x0000000081100000, 0x0000000081000000| Untracked 
|  17|0x0000000081100000, 0x0000000081200000, 0x0000000081200000|100%| O|  |TAMS 0x0000000081200000, 0x0000000081100000| Untracked 
|  18|0x0000000081200000, 0x0000000081300000, 0x0000000081300000|100%| O|  |TAMS 0x0000000081300000, 0x0000000081200000| Untracked 
|  19|0x0000000081300000, 0x0000000081400000, 0x0000000081400000|100%| O|  |TAMS 0x0000000081400000, 0x0000000081300000| Untracked 
|  20|0x0000000081400000, 0x0000000081500000, 0x0000000081500000|100%| O|  |TAMS 0x0000000081500000, 0x0000000081400000| Untracked 
|  21|0x0000000081500000, 0x0000000081600000, 0x0000000081600000|100%| O|  |TAMS 0x0000000081600000, 0x0000000081500000| Untracked 
|  22|0x0000000081600000, 0x0000000081700000, 0x0000000081700000|100%| O|  |TAMS 0x0000000081700000, 0x0000000081600000| Untracked 
|  23|0x0000000081700000, 0x0000000081800000, 0x0000000081800000|100%| O|  |TAMS 0x0000000081800000, 0x0000000081700000| Untracked 
|  24|0x0000000081800000, 0x0000000081900000, 0x0000000081900000|100%| O|  |TAMS 0x0000000081900000, 0x0000000081800000| Untracked 
|  25|0x0000000081900000, 0x0000000081a00000, 0x0000000081a00000|100%| O|  |TAMS 0x0000000081a00000, 0x0000000081900000| Untracked 
|  26|0x0000000081a00000, 0x0000000081b00000, 0x0000000081b00000|100%| O|  |TAMS 0x0000000081b00000, 0x0000000081a00000| Untracked 
|  27|0x0000000081b00000, 0x0000000081c00000, 0x0000000081c00000|100%| O|  |TAMS 0x0000000081c00000, 0x0000000081b00000| Untracked 
|  28|0x0000000081c00000, 0x0000000081d00000, 0x0000000081d00000|100%| O|  |TAMS 0x0000000081d00000, 0x0000000081c00000| Untracked 
|  29|0x0000000081d00000, 0x0000000081e00000, 0x0000000081e00000|100%| O|  |TAMS 0x0000000081e00000, 0x0000000081d00000| Untracked 
|  30|0x0000000081e00000, 0x0000000081f00000, 0x0000000081f00000|100%| O|  |TAMS 0x0000000081f00000, 0x0000000081e00000| Untracked 
|  31|0x0000000081f00000, 0x0000000082000000, 0x0000000082000000|100%| O|  |TAMS 0x0000000082000000, 0x0000000081f00000| Untracked 
|  32|0x0000000082000000, 0x0000000082100000, 0x0000000082100000|100%| O|  |TAMS 0x0000000082100000, 0x0000000082000000| Untracked 
|  33|0x0000000082100000, 0x0000000082200000, 0x0000000082200000|100%| O|  |TAMS 0x0000000082200000, 0x0000000082100000| Untracked 
|  34|0x0000000082200000, 0x0000000082300000, 0x0000000082300000|100%| O|  |TAMS 0x0000000082300000, 0x0000000082200000| Untracked 
|  35|0x0000000082300000, 0x0000000082400000, 0x0000000082400000|100%| O|  |TAMS 0x0000000082400000, 0x0000000082300000| Untracked 
|  36|0x0000000082400000, 0x0000000082500000, 0x0000000082500000|100%| O|  |TAMS 0x0000000082500000, 0x0000000082400000| Untracked 
|  37|0x0000000082500000, 0x0000000082600000, 0x0000000082600000|100%| O|  |TAMS 0x0000000082600000, 0x0000000082500000| Untracked 
|  38|0x0000000082600000, 0x0000000082700000, 0x0000000082700000|100%| O|  |TAMS 0x0000000082600000, 0x0000000082600000| Untracked 
|  39|0x0000000082700000, 0x0000000082800000, 0x0000000082800000|100%| O|  |TAMS 0x0000000082800000, 0x0000000082700000| Untracked 
|  40|0x0000000082800000, 0x0000000082900000, 0x0000000082900000|100%| O|  |TAMS 0x0000000082900000, 0x0000000082800000| Untracked 
|  41|0x0000000082900000, 0x0000000082a00000, 0x0000000082a00000|100%| O|  |TAMS 0x0000000082a00000, 0x0000000082900000| Untracked 
|  42|0x0000000082a00000, 0x0000000082b00000, 0x0000000082b00000|100%|HS|  |TAMS 0x0000000082b00000, 0x0000000082a00000| Complete 
|  43|0x0000000082b00000, 0x0000000082c00000, 0x0000000082c00000|100%|HS|  |TAMS 0x0000000082c00000, 0x0000000082b00000| Complete 
|  44|0x0000000082c00000, 0x0000000082d00000, 0x0000000082d00000|100%|HS|  |TAMS 0x0000000082d00000, 0x0000000082c00000| Complete 
|  45|0x0000000082d00000, 0x0000000082e00000, 0x0000000082e00000|100%|HC|  |TAMS 0x0000000082e00000, 0x0000000082d00000| Complete 
|  46|0x0000000082e00000, 0x0000000082f00000, 0x0000000082f00000|100%|HS|  |TAMS 0x0000000082f00000, 0x0000000082e00000| Complete 
|  47|0x0000000082f00000, 0x0000000083000000, 0x0000000083000000|100%|HC|  |TAMS 0x0000000083000000, 0x0000000082f00000| Complete 
|  48|0x0000000083000000, 0x0000000083100000, 0x0000000083100000|100%|HC|  |TAMS 0x0000000083100000, 0x0000000083000000| Complete 
|  49|0x0000000083100000, 0x0000000083200000, 0x0000000083200000|100%|HC|  |TAMS 0x0000000083200000, 0x0000000083100000| Complete 
|  50|0x0000000083200000, 0x0000000083300000, 0x0000000083300000|100%| O|  |TAMS 0x0000000083300000, 0x0000000083200000| Untracked 
|  51|0x0000000083300000, 0x0000000083400000, 0x0000000083400000|100%| O|  |TAMS 0x0000000083400000, 0x0000000083300000| Untracked 
|  52|0x0000000083400000, 0x0000000083500000, 0x0000000083500000|100%| O|  |TAMS 0x0000000083500000, 0x0000000083400000| Untracked 
|  53|0x0000000083500000, 0x0000000083600000, 0x0000000083600000|100%| O|  |TAMS 0x0000000083600000, 0x0000000083500000| Untracked 
|  54|0x0000000083600000, 0x0000000083700000, 0x0000000083700000|100%| O|  |TAMS 0x0000000083700000, 0x0000000083600000| Untracked 
|  55|0x0000000083700000, 0x0000000083800000, 0x0000000083800000|100%| O|  |TAMS 0x0000000083800000, 0x0000000083700000| Untracked 
|  56|0x0000000083800000, 0x0000000083900000, 0x0000000083900000|100%| O|  |TAMS 0x0000000083900000, 0x0000000083800000| Untracked 
|  57|0x0000000083900000, 0x0000000083a00000, 0x0000000083a00000|100%| O|  |TAMS 0x0000000083900000, 0x0000000083900000| Untracked 
|  58|0x0000000083a00000, 0x0000000083ad8200, 0x0000000083b00000| 84%| O|  |TAMS 0x0000000083a00000, 0x0000000083a00000| Untracked 
|  59|0x0000000083b00000, 0x0000000083b00000, 0x0000000083c00000|  0%| F|  |TAMS 0x0000000083b00000, 0x0000000083b00000| Untracked 
|  60|0x0000000083c00000, 0x0000000083c00000, 0x0000000083d00000|  0%| F|  |TAMS 0x0000000083c00000, 0x0000000083c00000| Untracked 
|  61|0x0000000083d00000, 0x0000000083d00000, 0x0000000083e00000|  0%| F|  |TAMS 0x0000000083d00000, 0x0000000083d00000| Untracked 
|  62|0x0000000083e00000, 0x0000000083e00000, 0x0000000083f00000|  0%| F|  |TAMS 0x0000000083e00000, 0x0000000083e00000| Untracked 
|  63|0x0000000083f00000, 0x0000000083f00000, 0x0000000084000000|  0%| F|  |TAMS 0x0000000083f00000, 0x0000000083f00000| Untracked 
|  64|0x0000000084000000, 0x0000000084000000, 0x0000000084100000|  0%| F|  |TAMS 0x0000000084000000, 0x0000000084000000| Untracked 
|  65|0x0000000084100000, 0x0000000084100000, 0x0000000084200000|  0%| F|  |TAMS 0x0000000084100000, 0x0000000084100000| Untracked 
|  66|0x0000000084200000, 0x0000000084200000, 0x0000000084300000|  0%| F|  |TAMS 0x0000000084200000, 0x0000000084200000| Untracked 
|  67|0x0000000084300000, 0x0000000084300000, 0x0000000084400000|  0%| F|  |TAMS 0x0000000084300000, 0x0000000084300000| Untracked 
|  68|0x0000000084400000, 0x0000000084400000, 0x0000000084500000|  0%| F|  |TAMS 0x0000000084400000, 0x0000000084400000| Untracked 
|  69|0x0000000084500000, 0x0000000084500000, 0x0000000084600000|  0%| F|  |TAMS 0x0000000084500000, 0x0000000084500000| Untracked 
|  70|0x0000000084600000, 0x0000000084600000, 0x0000000084700000|  0%| F|  |TAMS 0x0000000084600000, 0x0000000084600000| Untracked 
|  71|0x0000000084700000, 0x0000000084700000, 0x0000000084800000|  0%| F|  |TAMS 0x0000000084700000, 0x0000000084700000| Untracked 
|  72|0x0000000084800000, 0x0000000084800000, 0x0000000084900000|  0%| F|  |TAMS 0x0000000084800000, 0x0000000084800000| Untracked 
|  73|0x0000000084900000, 0x0000000084900000, 0x0000000084a00000|  0%| F|  |TAMS 0x0000000084900000, 0x0000000084900000| Untracked 
|  74|0x0000000084a00000, 0x0000000084a00000, 0x0000000084b00000|  0%| F|  |TAMS 0x0000000084a00000, 0x0000000084a00000| Untracked 
|  75|0x0000000084b00000, 0x0000000084b00000, 0x0000000084c00000|  0%| F|  |TAMS 0x0000000084b00000, 0x0000000084b00000| Untracked 
|  76|0x0000000084c00000, 0x0000000084c00000, 0x0000000084d00000|  0%| F|  |TAMS 0x0000000084c00000, 0x0000000084c00000| Untracked 
|  77|0x0000000084d00000, 0x0000000084d00000, 0x0000000084e00000|  0%| F|  |TAMS 0x0000000084d00000, 0x0000000084d00000| Untracked 
|  78|0x0000000084e00000, 0x0000000084e00000, 0x0000000084f00000|  0%| F|  |TAMS 0x0000000084e00000, 0x0000000084e00000| Untracked 
|  79|0x0000000084f00000, 0x0000000084f00000, 0x0000000085000000|  0%| F|  |TAMS 0x0000000084f00000, 0x0000000084f00000| Untracked 
|  80|0x0000000085000000, 0x0000000085000000, 0x0000000085100000|  0%| F|  |TAMS 0x0000000085000000, 0x0000000085000000| Untracked 
|  81|0x0000000085100000, 0x0000000085100000, 0x0000000085200000|  0%| F|  |TAMS 0x0000000085100000, 0x0000000085100000| Untracked 
|  82|0x0000000085200000, 0x0000000085200000, 0x0000000085300000|  0%| F|  |TAMS 0x0000000085200000, 0x0000000085200000| Untracked 
|  83|0x0000000085300000, 0x0000000085300000, 0x0000000085400000|  0%| F|  |TAMS 0x0000000085300000, 0x0000000085300000| Untracked 
|  84|0x0000000085400000, 0x0000000085400000, 0x0000000085500000|  0%| F|  |TAMS 0x0000000085400000, 0x0000000085400000| Untracked 
|  85|0x0000000085500000, 0x0000000085500000, 0x0000000085600000|  0%| F|  |TAMS 0x0000000085500000, 0x0000000085500000| Untracked 
|  86|0x0000000085600000, 0x000000008565b0b0, 0x0000000085700000| 35%| S|CS|TAMS 0x0000000085600000, 0x0000000085600000| Complete 
|  87|0x0000000085700000, 0x0000000085800000, 0x0000000085800000|100%| S|CS|TAMS 0x0000000085700000, 0x0000000085700000| Complete 
|  88|0x0000000085800000, 0x0000000085900000, 0x0000000085900000|100%| S|CS|TAMS 0x0000000085800000, 0x0000000085800000| Complete 
|  89|0x0000000085900000, 0x0000000085a00000, 0x0000000085a00000|100%| S|CS|TAMS 0x0000000085900000, 0x0000000085900000| Complete 
|  90|0x0000000085a00000, 0x0000000085b00000, 0x0000000085b00000|100%| S|CS|TAMS 0x0000000085a00000, 0x0000000085a00000| Complete 
|  91|0x0000000085b00000, 0x0000000085c00000, 0x0000000085c00000|100%| S|CS|TAMS 0x0000000085b00000, 0x0000000085b00000| Complete 
|  92|0x0000000085c00000, 0x0000000085c00000, 0x0000000085d00000|  0%| F|  |TAMS 0x0000000085c00000, 0x0000000085c00000| Untracked 
|  93|0x0000000085d00000, 0x0000000085d00000, 0x0000000085e00000|  0%| F|  |TAMS 0x0000000085d00000, 0x0000000085d00000| Untracked 
|  94|0x0000000085e00000, 0x0000000085e00000, 0x0000000085f00000|  0%| F|  |TAMS 0x0000000085e00000, 0x0000000085e00000| Untracked 
|  95|0x0000000085f00000, 0x0000000085f00000, 0x0000000086000000|  0%| F|  |TAMS 0x0000000085f00000, 0x0000000085f00000| Untracked 
|  96|0x0000000086000000, 0x0000000086000000, 0x0000000086100000|  0%| F|  |TAMS 0x0000000086000000, 0x0000000086000000| Untracked 
|  97|0x0000000086100000, 0x0000000086100000, 0x0000000086200000|  0%| F|  |TAMS 0x0000000086100000, 0x0000000086100000| Untracked 
|  98|0x0000000086200000, 0x0000000086200000, 0x0000000086300000|  0%| F|  |TAMS 0x0000000086200000, 0x0000000086200000| Untracked 
|  99|0x0000000086300000, 0x0000000086300000, 0x0000000086400000|  0%| F|  |TAMS 0x0000000086300000, 0x0000000086300000| Untracked 
| 100|0x0000000086400000, 0x0000000086400000, 0x0000000086500000|  0%| F|  |TAMS 0x0000000086400000, 0x0000000086400000| Untracked 
| 101|0x0000000086500000, 0x0000000086500000, 0x0000000086600000|  0%| F|  |TAMS 0x0000000086500000, 0x0000000086500000| Untracked 
| 102|0x0000000086600000, 0x0000000086600000, 0x0000000086700000|  0%| F|  |TAMS 0x0000000086600000, 0x0000000086600000| Untracked 
| 103|0x0000000086700000, 0x0000000086700000, 0x0000000086800000|  0%| F|  |TAMS 0x0000000086700000, 0x0000000086700000| Untracked 
| 104|0x0000000086800000, 0x0000000086800000, 0x0000000086900000|  0%| F|  |TAMS 0x0000000086800000, 0x0000000086800000| Untracked 
| 105|0x0000000086900000, 0x0000000086900000, 0x0000000086a00000|  0%| F|  |TAMS 0x0000000086900000, 0x0000000086900000| Untracked 
| 106|0x0000000086a00000, 0x0000000086a00000, 0x0000000086b00000|  0%| F|  |TAMS 0x0000000086a00000, 0x0000000086a00000| Untracked 
| 107|0x0000000086b00000, 0x0000000086b00000, 0x0000000086c00000|  0%| F|  |TAMS 0x0000000086b00000, 0x0000000086b00000| Untracked 
| 108|0x0000000086c00000, 0x0000000086c00000, 0x0000000086d00000|  0%| F|  |TAMS 0x0000000086c00000, 0x0000000086c00000| Untracked 
| 109|0x0000000086d00000, 0x0000000086d00000, 0x0000000086e00000|  0%| F|  |TAMS 0x0000000086d00000, 0x0000000086d00000| Untracked 
| 110|0x0000000086e00000, 0x0000000086e00000, 0x0000000086f00000|  0%| F|  |TAMS 0x0000000086e00000, 0x0000000086e00000| Untracked 
| 111|0x0000000086f00000, 0x0000000086f00000, 0x0000000087000000|  0%| F|  |TAMS 0x0000000086f00000, 0x0000000086f00000| Untracked 
| 112|0x0000000087000000, 0x0000000087000000, 0x0000000087100000|  0%| F|  |TAMS 0x0000000087000000, 0x0000000087000000| Untracked 
| 113|0x0000000087100000, 0x0000000087100000, 0x0000000087200000|  0%| F|  |TAMS 0x0000000087100000, 0x0000000087100000| Untracked 
| 114|0x0000000087200000, 0x0000000087200000, 0x0000000087300000|  0%| F|  |TAMS 0x0000000087200000, 0x0000000087200000| Untracked 
| 115|0x0000000087300000, 0x0000000087300000, 0x0000000087400000|  0%| F|  |TAMS 0x0000000087300000, 0x0000000087300000| Untracked 
| 116|0x0000000087400000, 0x0000000087400000, 0x0000000087500000|  0%| F|  |TAMS 0x0000000087400000, 0x0000000087400000| Untracked 
| 117|0x0000000087500000, 0x0000000087500000, 0x0000000087600000|  0%| F|  |TAMS 0x0000000087500000, 0x0000000087500000| Untracked 
| 118|0x0000000087600000, 0x0000000087600000, 0x0000000087700000|  0%| F|  |TAMS 0x0000000087600000, 0x0000000087600000| Untracked 
| 119|0x0000000087700000, 0x0000000087700000, 0x0000000087800000|  0%| F|  |TAMS 0x0000000087700000, 0x0000000087700000| Untracked 
| 120|0x0000000087800000, 0x0000000087800000, 0x0000000087900000|  0%| F|  |TAMS 0x0000000087800000, 0x0000000087800000| Untracked 
| 121|0x0000000087900000, 0x0000000087a00000, 0x0000000087a00000|100%| E|  |TAMS 0x0000000087900000, 0x0000000087900000| Complete 
| 122|0x0000000087a00000, 0x0000000087b00000, 0x0000000087b00000|100%| E|CS|TAMS 0x0000000087a00000, 0x0000000087a00000| Complete 
| 123|0x0000000087b00000, 0x0000000087c00000, 0x0000000087c00000|100%| E|CS|TAMS 0x0000000087b00000, 0x0000000087b00000| Complete 
| 124|0x0000000087c00000, 0x0000000087d00000, 0x0000000087d00000|100%| E|  |TAMS 0x0000000087c00000, 0x0000000087c00000| Complete 
| 125|0x0000000087d00000, 0x0000000087e00000, 0x0000000087e00000|100%| E|CS|TAMS 0x0000000087d00000, 0x0000000087d00000| Complete 
| 126|0x0000000087e00000, 0x0000000087f00000, 0x0000000087f00000|100%| E|CS|TAMS 0x0000000087e00000, 0x0000000087e00000| Complete 
| 127|0x0000000087f00000, 0x0000000088000000, 0x0000000088000000|100%| E|CS|TAMS 0x0000000087f00000, 0x0000000087f00000| Complete 
| 128|0x0000000088000000, 0x0000000088100000, 0x0000000088100000|100%| E|CS|TAMS 0x0000000088000000, 0x0000000088000000| Complete 
| 129|0x0000000088100000, 0x0000000088200000, 0x0000000088200000|100%| E|CS|TAMS 0x0000000088100000, 0x0000000088100000| Complete 
| 130|0x0000000088200000, 0x0000000088300000, 0x0000000088300000|100%| E|CS|TAMS 0x0000000088200000, 0x0000000088200000| Complete 
| 131|0x0000000088300000, 0x0000000088400000, 0x0000000088400000|100%| E|CS|TAMS 0x0000000088300000, 0x0000000088300000| Complete 
| 132|0x0000000088400000, 0x0000000088500000, 0x0000000088500000|100%| E|CS|TAMS 0x0000000088400000, 0x0000000088400000| Complete 
| 133|0x0000000088500000, 0x0000000088600000, 0x0000000088600000|100%| E|CS|TAMS 0x0000000088500000, 0x0000000088500000| Complete 
| 134|0x0000000088600000, 0x0000000088700000, 0x0000000088700000|100%| E|CS|TAMS 0x0000000088600000, 0x0000000088600000| Complete 
| 135|0x0000000088700000, 0x0000000088800000, 0x0000000088800000|100%| E|CS|TAMS 0x0000000088700000, 0x0000000088700000| Complete 

Card table byte_map: [0x00000284b1ba0000,0x00000284b1fa0000] _byte_map_base: 0x00000284b17a0000

Marking Bits (Prev, Next): (CMBitMap*) 0x000002849f006ab0, (CMBitMap*) 0x000002849f006af0
 Prev Bits: [0x00000284b23a0000, 0x00000284b43a0000)
 Next Bits: [0x00000284b43a0000, 0x00000284b63a0000)

Polling page: 0x000002849cf10000

Metaspace:

Usage:
  Non-class:     63.29 MB used.
      Class:      9.50 MB used.
       Both:     72.80 MB used.

Virtual space:
  Non-class space:       64.00 MB reserved,      63.56 MB (>99%) committed,  8 nodes.
      Class space:        1.00 GB reserved,       9.75 MB ( <1%) committed,  1 nodes.
             Both:        1.06 GB reserved,      73.31 MB (  7%) committed. 

Chunk freelists:
   Non-Class:  320.00 KB
       Class:  2.09 MB
        Both:  2.41 MB

MaxMetaspaceSize: unlimited
CompressedClassSpaceSize: 1.00 GB
Initial GC threshold: 21.00 MB
Current GC threshold: 109.19 MB
CDS: off
MetaspaceReclaimPolicy: balanced
 - commit_granule_bytes: 65536.
 - commit_granule_words: 8192.
 - virtual_space_node_default_size: 1048576.
 - enlarge_chunks_in_place: 1.
 - new_chunks_are_fully_committed: 0.
 - uncommit_free_chunks: 1.
 - use_allocation_guard: 0.
 - handle_deallocations: 1.


Internal statistics:

num_allocs_failed_limit: 6.
num_arena_births: 642.
num_arena_deaths: 0.
num_vsnodes_births: 9.
num_vsnodes_deaths: 0.
num_space_committed: 1173.
num_space_uncommitted: 0.
num_chunks_returned_to_freelist: 6.
num_chunks_taken_from_freelist: 2977.
num_chunk_merges: 6.
num_chunk_splits: 2010.
num_chunks_enlarged: 1385.
num_purges: 0.
num_inconsistent_stats: 0.

CodeHeap 'non-profiled nmethods': size=120000Kb used=3486Kb max_used=3486Kb free=116513Kb
 bounds [0x00000284a9f40000, 0x00000284aa2b0000, 0x00000284b1470000]
CodeHeap 'profiled nmethods': size=120000Kb used=13109Kb max_used=13109Kb free=106890Kb
 bounds [0x00000284a2470000, 0x00000284a3140000, 0x00000284a99a0000]
CodeHeap 'non-nmethods': size=5760Kb used=2410Kb max_used=2440Kb free=3350Kb
 bounds [0x00000284a99a0000, 0x00000284a9c10000, 0x00000284a9f40000]
 total_blobs=7533 nmethods=6601 adapters=844
 compilation: enabled
              stopped_count=0, restarted_count=0
 full_count=0

Compilation events (20 events):
Event: 17.562 Thread 0x00000284b985b590 7463       3       org.gradle.internal.ImmutableActionSet::add (93 bytes)
Event: 17.562 Thread 0x00000284b985b590 nmethod 7463 0x00000284a3100410 code [0x00000284a3100660, 0x00000284a31013d8]
Event: 17.563 Thread 0x00000284b985b590 7465       3       org.gradle.api.internal.collections.AbstractIterationOrderRetainingElementSource::<init> (27 bytes)
Event: 17.563 Thread 0x00000284b985b590 nmethod 7465 0x00000284a3101610 code [0x00000284a3101840, 0x00000284a3102108]
Event: 17.563 Thread 0x00000284b985b590 7466       3       org.gradle.internal.Describables::of (10 bytes)
Event: 17.563 Thread 0x00000284b985b590 nmethod 7466 0x00000284a3102490 code [0x00000284a3102640, 0x00000284a31029b8]
Event: 17.563 Thread 0x00000284b985b590 7467       3       org.gradle.internal.Describables$TwoPartDescribable::<init> (16 bytes)
Event: 17.563 Thread 0x00000284b985b590 nmethod 7467 0x00000284a3102b10 code [0x00000284a3102cc0, 0x00000284a3102f98]
Event: 17.563 Thread 0x00000284b985b590 7468       3       org.gradle.internal.event.BroadcastDispatch::<init> (6 bytes)
Event: 17.563 Thread 0x00000284b985b590 nmethod 7468 0x00000284a3103090 code [0x00000284a3103240, 0x00000284a31034b8]
Event: 17.563 Thread 0x00000284b985b590 7469       3       org.gradle.internal.event.BroadcastDispatch::<init> (6 bytes)
Event: 17.564 Thread 0x00000284b985b590 nmethod 7469 0x00000284a3103610 code [0x00000284a31037c0, 0x00000284a31039d8]
Event: 17.586 Thread 0x00000284b9ae6020 nmethod 7421 0x00000284aa2a0690 code [0x00000284aa2a0a40, 0x00000284aa2a3198]
Event: 17.586 Thread 0x00000284b9ae6020 7464       4       java.lang.ThreadLocal::get (38 bytes)
Event: 17.604 Thread 0x00000284b9ae6020 nmethod 7464 0x00000284aa045b10 code [0x00000284aa045ce0, 0x00000284aa046630]
Event: 17.604 Thread 0x00000284b9ae6020 7470       4       java.lang.AbstractStringBuilder::appendChars (130 bytes)
Event: 17.610 Thread 0x00000284b9ae6020 nmethod 7470 0x00000284aa045510 code [0x00000284aa045680, 0x00000284aa0459b8]
Event: 17.611 Thread 0x00000284b9ae6020 7441       4       org.gradle.tooling.internal.provider.runner.BuildOperationTracker::discardState (1 bytes)
Event: 17.611 Thread 0x00000284b9ae6020 nmethod 7441 0x00000284aa045210 code [0x00000284aa045380, 0x00000284aa0453f8]
Event: 17.611 Thread 0x00000284b9ae6020 7425       4       org.objectweb.asm.Type::getType (122 bytes)

GC Heap History (20 events):
Event: 14.990 GC heap before
{Heap before GC invocations=21 (full 0):
 garbage-first heap   total 73728K, used 45846K [0x0000000080000000, 0x0000000100000000)
  region size 1024K, 7 young (7168K), 2 survivors (2048K)
 Metaspace       used 59328K, committed 59776K, reserved 1105920K
  class space    used 7796K, committed 8000K, reserved 1048576K
}
Event: 14.994 GC heap after
{Heap after GC invocations=22 (full 0):
 garbage-first heap   total 73728K, used 42426K [0x0000000080000000, 0x0000000100000000)
  region size 1024K, 1 young (1024K), 1 survivors (1024K)
 Metaspace       used 59328K, committed 59776K, reserved 1105920K
  class space    used 7796K, committed 8000K, reserved 1048576K
}
Event: 15.501 GC heap before
{Heap before GC invocations=23 (full 0):
 garbage-first heap   total 76800K, used 65978K [0x0000000080000000, 0x0000000100000000)
  region size 1024K, 16 young (16384K), 1 survivors (1024K)
 Metaspace       used 60362K, committed 60864K, reserved 1105920K
  class space    used 7918K, committed 8128K, reserved 1048576K
}
Event: 15.504 GC heap after
{Heap after GC invocations=24 (full 0):
 garbage-first heap   total 76800K, used 57270K [0x0000000080000000, 0x0000000100000000)
  region size 1024K, 2 young (2048K), 2 survivors (2048K)
 Metaspace       used 60362K, committed 60864K, reserved 1105920K
  class space    used 7918K, committed 8128K, reserved 1048576K
}
Event: 15.521 GC heap before
{Heap before GC invocations=24 (full 0):
 garbage-first heap   total 76800K, used 58294K [0x0000000080000000, 0x0000000100000000)
  region size 1024K, 3 young (3072K), 2 survivors (2048K)
 Metaspace       used 60477K, committed 60928K, reserved 1105920K
  class space    used 7931K, committed 8128K, reserved 1048576K
}
Event: 15.523 GC heap after
{Heap after GC invocations=25 (full 0):
 garbage-first heap   total 76800K, used 57296K [0x0000000080000000, 0x0000000100000000)
  region size 1024K, 1 young (1024K), 1 survivors (1024K)
 Metaspace       used 60477K, committed 60928K, reserved 1105920K
  class space    used 7931K, committed 8128K, reserved 1048576K
}
Event: 15.634 GC heap before
{Heap before GC invocations=25 (full 0):
 garbage-first heap   total 76800K, used 63440K [0x0000000080000000, 0x0000000100000000)
  region size 1024K, 7 young (7168K), 1 survivors (1024K)
 Metaspace       used 61241K, committed 61696K, reserved 1105920K
  class space    used 8050K, committed 8256K, reserved 1048576K
}
Event: 15.636 GC heap after
{Heap after GC invocations=26 (full 0):
 garbage-first heap   total 76800K, used 57461K [0x0000000080000000, 0x0000000100000000)
  region size 1024K, 1 young (1024K), 1 survivors (1024K)
 Metaspace       used 61241K, committed 61696K, reserved 1105920K
  class space    used 8050K, committed 8256K, reserved 1048576K
}
Event: 15.782 GC heap before
{Heap before GC invocations=27 (full 0):
 garbage-first heap   total 101376K, used 63605K [0x0000000080000000, 0x0000000100000000)
  region size 1024K, 7 young (7168K), 1 survivors (1024K)
 Metaspace       used 62074K, committed 62528K, reserved 1105920K
  class space    used 8176K, committed 8384K, reserved 1048576K
}
Event: 15.784 GC heap after
{Heap after GC invocations=28 (full 0):
 garbage-first heap   total 101376K, used 57675K [0x0000000080000000, 0x0000000100000000)
  region size 1024K, 1 young (1024K), 1 survivors (1024K)
 Metaspace       used 62074K, committed 62528K, reserved 1105920K
  class space    used 8176K, committed 8384K, reserved 1048576K
}
Event: 15.838 GC heap before
{Heap before GC invocations=28 (full 0):
 garbage-first heap   total 101376K, used 60747K [0x0000000080000000, 0x0000000100000000)
  region size 1024K, 4 young (4096K), 1 survivors (1024K)
 Metaspace       used 62514K, committed 62976K, reserved 1105920K
  class space    used 8235K, committed 8448K, reserved 1048576K
}
Event: 15.840 GC heap after
{Heap after GC invocations=29 (full 0):
 garbage-first heap   total 101376K, used 57355K [0x0000000080000000, 0x0000000100000000)
  region size 1024K, 1 young (1024K), 1 survivors (1024K)
 Metaspace       used 62514K, committed 62976K, reserved 1105920K
  class space    used 8235K, committed 8448K, reserved 1048576K
}
Event: 16.213 GC heap before
{Heap before GC invocations=29 (full 0):
 garbage-first heap   total 101376K, used 78859K [0x0000000080000000, 0x0000000100000000)
  region size 1024K, 22 young (22528K), 1 survivors (1024K)
 Metaspace       used 66453K, committed 66944K, reserved 1114112K
  class space    used 8668K, committed 8896K, reserved 1048576K
}
Event: 16.215 GC heap after
{Heap after GC invocations=30 (full 0):
 garbage-first heap   total 101376K, used 58226K [0x0000000080000000, 0x0000000100000000)
  region size 1024K, 2 young (2048K), 2 survivors (2048K)
 Metaspace       used 66453K, committed 66944K, reserved 1114112K
  class space    used 8668K, committed 8896K, reserved 1048576K
}
Event: 16.712 GC heap before
{Heap before GC invocations=31 (full 0):
 garbage-first heap   total 102400K, used 79730K [0x0000000080000000, 0x0000000100000000)
  region size 1024K, 23 young (23552K), 2 survivors (2048K)
 Metaspace       used 69933K, committed 70464K, reserved 1114112K
  class space    used 9178K, committed 9408K, reserved 1048576K
}
Event: 16.722 GC heap after
{Heap after GC invocations=32 (full 0):
 garbage-first heap   total 102400K, used 59629K [0x0000000080000000, 0x0000000100000000)
  region size 1024K, 3 young (3072K), 3 survivors (3072K)
 Metaspace       used 69933K, committed 70464K, reserved 1114112K
  class space    used 9178K, committed 9408K, reserved 1048576K
}
Event: 16.756 GC heap before
{Heap before GC invocations=32 (full 0):
 garbage-first heap   total 102400K, used 60653K [0x0000000080000000, 0x0000000100000000)
  region size 1024K, 5 young (5120K), 3 survivors (3072K)
 Metaspace       used 70117K, committed 70720K, reserved 1114112K
  class space    used 9199K, committed 9472K, reserved 1048576K
}
Event: 16.759 GC heap after
{Heap after GC invocations=33 (full 0):
 garbage-first heap   total 139264K, used 60238K [0x0000000080000000, 0x0000000100000000)
  region size 1024K, 1 young (1024K), 1 survivors (1024K)
 Metaspace       used 70117K, committed 70720K, reserved 1114112K
  class space    used 9199K, committed 9472K, reserved 1048576K
}
Event: 17.374 GC heap before
{Heap before GC invocations=33 (full 0):
 garbage-first heap   total 139264K, used 110414K [0x0000000080000000, 0x0000000100000000)
  region size 1024K, 44 young (45056K), 1 survivors (1024K)
 Metaspace       used 72939K, committed 73472K, reserved 1114112K
  class space    used 9544K, committed 9792K, reserved 1048576K
}
Event: 17.378 GC heap after
{Heap after GC invocations=34 (full 0):
 garbage-first heap   total 139264K, used 64716K [0x0000000080000000, 0x0000000100000000)
  region size 1024K, 6 young (6144K), 6 survivors (6144K)
 Metaspace       used 72939K, committed 73472K, reserved 1114112K
  class space    used 9544K, committed 9792K, reserved 1048576K
}

Dll operation events (2 events):
Event: 0.019 Loaded shared library C:\Program Files\Android\Android Studio\jbr\bin\java.dll
Event: 0.499 Loaded shared library C:\Program Files\Android\Android Studio\jbr\bin\verify.dll

Deoptimization events (20 events):
Event: 17.594 Thread 0x00000284bb1a3a50 DEOPT PACKING pc=0x00000284a2913b4b sp=0x000000b6a7af62a0
Event: 17.594 Thread 0x00000284bb1a3a50 DEOPT UNPACKING pc=0x00000284a99face3 sp=0x000000b6a7af5750 mode 0
Event: 17.595 Thread 0x00000284bb1a3a50 DEOPT PACKING pc=0x00000284a2913b4b sp=0x000000b6a7af62a0
Event: 17.595 Thread 0x00000284bb1a3a50 DEOPT UNPACKING pc=0x00000284a99face3 sp=0x000000b6a7af5750 mode 0
Event: 17.596 Thread 0x00000284bb1a3a50 DEOPT PACKING pc=0x00000284a2913b4b sp=0x000000b6a7af62a0
Event: 17.596 Thread 0x00000284bb1a3a50 DEOPT UNPACKING pc=0x00000284a99face3 sp=0x000000b6a7af5750 mode 0
Event: 17.597 Thread 0x00000284bb1a3a50 DEOPT PACKING pc=0x00000284a2913b4b sp=0x000000b6a7af62a0
Event: 17.597 Thread 0x00000284bb1a3a50 DEOPT UNPACKING pc=0x00000284a99face3 sp=0x000000b6a7af5750 mode 0
Event: 17.597 Thread 0x00000284bb1a3a50 DEOPT PACKING pc=0x00000284a2913b4b sp=0x000000b6a7af62a0
Event: 17.597 Thread 0x00000284bb1a3a50 DEOPT UNPACKING pc=0x00000284a99face3 sp=0x000000b6a7af5750 mode 0
Event: 17.601 Thread 0x00000284bb1a3a50 DEOPT PACKING pc=0x00000284a2913b4b sp=0x000000b6a7af62a0
Event: 17.601 Thread 0x00000284bb1a3a50 DEOPT UNPACKING pc=0x00000284a99face3 sp=0x000000b6a7af5750 mode 0
Event: 17.603 Thread 0x00000284bb1a3a50 DEOPT PACKING pc=0x00000284a2913b4b sp=0x000000b6a7af62a0
Event: 17.603 Thread 0x00000284bb1a3a50 DEOPT UNPACKING pc=0x00000284a99face3 sp=0x000000b6a7af5750 mode 0
Event: 17.603 Thread 0x00000284bb1a3a50 DEOPT PACKING pc=0x00000284a2913b4b sp=0x000000b6a7af62a0
Event: 17.603 Thread 0x00000284bb1a3a50 DEOPT UNPACKING pc=0x00000284a99face3 sp=0x000000b6a7af5750 mode 0
Event: 17.603 Thread 0x00000284bb1a3a50 DEOPT PACKING pc=0x00000284a2913b4b sp=0x000000b6a7af62a0
Event: 17.603 Thread 0x00000284bb1a3a50 DEOPT UNPACKING pc=0x00000284a99face3 sp=0x000000b6a7af5750 mode 0
Event: 17.604 Thread 0x00000284bb1a3a50 DEOPT PACKING pc=0x00000284a2913b4b sp=0x000000b6a7af62a0
Event: 17.604 Thread 0x00000284bb1a3a50 DEOPT UNPACKING pc=0x00000284a99face3 sp=0x000000b6a7af5750 mode 0

Classes unloaded (0 events):
No events

Classes redefined (0 events):
No events

Internal exceptions (20 events):
Event: 16.551 Thread 0x00000284bb1a3a50 Implicit null exception at 0x00000284a9fb738d to 0x00000284a9fb7afc
Event: 16.740 Thread 0x00000284bb1a3a50 Implicit null exception at 0x00000284aa0d068c to 0x00000284aa0d07c2
Event: 16.918 Thread 0x00000284bb1a3a50 Exception <a 'sun/nio/fs/WindowsException'{0x00000000879a7f30}> (0x00000000879a7f30) 
thrown [s\src\hotspot\share\prims\jni.cpp, line 517]
Event: 17.330 Thread 0x00000284bb1a3a50 Exception <a 'java/lang/ClassNotFoundException'{0x000000008608f800}: org/gradle/api/internal/project/DefaultProject_DecoratedBeanInfo> (0x000000008608f800) 
thrown [s\src\hotspot\share\classfile\systemDictionary.cpp, line 256]
Event: 17.331 Thread 0x00000284bb1a3a50 Exception <a 'java/lang/ClassNotFoundException'{0x00000000860a7100}: org/gradle/api/internal/project/DefaultProjectBeanInfo> (0x00000000860a7100) 
thrown [s\src\hotspot\share\classfile\systemDictionary.cpp, line 256]
Event: 17.331 Thread 0x00000284bb1a3a50 Exception <a 'java/lang/ClassNotFoundException'{0x00000000860beb88}: org/gradle/api/internal/project/DefaultProjectCustomizer> (0x00000000860beb88) 
thrown [s\src\hotspot\share\classfile\systemDictionary.cpp, line 256]
Event: 17.336 Thread 0x00000284bb1a3a50 Exception <a 'java/lang/ClassNotFoundException'{0x0000000085f72de0}: org/gradle/api/internal/project/DefaultProject_DecoratedCustomizer> (0x0000000085f72de0) 
thrown [s\src\hotspot\share\classfile\systemDictionary.cpp, line 256]
Event: 17.347 Thread 0x00000284bb1a3a50 Exception <a 'java/lang/ClassNotFoundException'{0x0000000085e4db40}: org/gradle/api/plugins/internal/DefaultBasePluginConvention_DecoratedBeanInfo> (0x0000000085e4db40) 
thrown [s\src\hotspot\share\classfile\systemDictionary.cpp, line 256]
Event: 17.348 Thread 0x00000284bb1a3a50 Exception <a 'java/lang/ClassNotFoundException'{0x0000000085e68e50}: org/gradle/api/plugins/internal/DefaultBasePluginConventionBeanInfo> (0x0000000085e68e50) 
thrown [s\src\hotspot\share\classfile\systemDictionary.cpp, line 256]
Event: 17.348 Thread 0x00000284bb1a3a50 Exception <a 'java/lang/ClassNotFoundException'{0x0000000085e83a18}: org/gradle/api/plugins/BasePluginConventionBeanInfo> (0x0000000085e83a18) 
thrown [s\src\hotspot\share\classfile\systemDictionary.cpp, line 256]
Event: 17.349 Thread 0x00000284bb1a3a50 Exception <a 'java/lang/ClassNotFoundException'{0x0000000085e9e328}: org/gradle/api/plugins/BasePluginConventionCustomizer> (0x0000000085e9e328) 
thrown [s\src\hotspot\share\classfile\systemDictionary.cpp, line 256]
Event: 17.350 Thread 0x00000284bb1a3a50 Exception <a 'java/lang/ClassNotFoundException'{0x0000000085ec3718}: org/gradle/api/plugins/internal/DefaultBasePluginConventionCustomizer> (0x0000000085ec3718) 
thrown [s\src\hotspot\share\classfile\systemDictionary.cpp, line 256]
Event: 17.351 Thread 0x00000284bb1a3a50 Exception <a 'java/lang/ClassNotFoundException'{0x0000000085ef1310}: org/gradle/api/plugins/internal/DefaultBasePluginConvention_DecoratedCustomizer> (0x0000000085ef1310) 
thrown [s\src\hotspot\share\classfile\systemDictionary.cpp, line 256]
Event: 17.355 Thread 0x00000284bb1a3a50 Exception <a 'java/lang/ClassNotFoundException'{0x0000000085d65908}: org/gradle/api/plugins/internal/DefaultJavaPluginConvention_DecoratedBeanInfo> (0x0000000085d65908) 
thrown [s\src\hotspot\share\classfile\systemDictionary.cpp, line 256]
Event: 17.356 Thread 0x00000284bb1a3a50 Exception <a 'java/lang/ClassNotFoundException'{0x0000000085d80ed0}: org/gradle/api/plugins/internal/DefaultJavaPluginConventionBeanInfo> (0x0000000085d80ed0) 
thrown [s\src\hotspot\share\classfile\systemDictionary.cpp, line 256]
Event: 17.356 Thread 0x00000284bb1a3a50 Exception <a 'java/lang/ClassNotFoundException'{0x0000000085d9b818}: org/gradle/api/plugins/JavaPluginConventionBeanInfo> (0x0000000085d9b818) 
thrown [s\src\hotspot\share\classfile\systemDictionary.cpp, line 256]
Event: 17.357 Thread 0x00000284bb1a3a50 Exception <a 'java/lang/ClassNotFoundException'{0x0000000085db6128}: org/gradle/api/plugins/JavaPluginConventionCustomizer> (0x0000000085db6128) 
thrown [s\src\hotspot\share\classfile\systemDictionary.cpp, line 256]
Event: 17.359 Thread 0x00000284bb1a3a50 Exception <a 'java/lang/ClassNotFoundException'{0x0000000085de51b8}: org/gradle/api/plugins/internal/DefaultJavaPluginConventionCustomizer> (0x0000000085de51b8) 
thrown [s\src\hotspot\share\classfile\systemDictionary.cpp, line 256]
Event: 17.360 Thread 0x00000284bb1a3a50 Exception <a 'java/lang/ClassNotFoundException'{0x0000000085c27360}: org/gradle/api/plugins/internal/DefaultJavaPluginConvention_DecoratedCustomizer> (0x0000000085c27360) 
thrown [s\src\hotspot\share\classfile\systemDictionary.cpp, line 256]
Event: 17.541 Thread 0x00000284bb1a3a50 Implicit null exception at 0x00000284a9f8a2c8 to 0x00000284a9f8a3b4

VM Operations (20 events):
Event: 15.886 Executing VM operation: HandshakeAllThreads
Event: 15.887 Executing VM operation: HandshakeAllThreads done
Event: 15.894 Executing VM operation: HandshakeAllThreads
Event: 15.895 Executing VM operation: HandshakeAllThreads done
Event: 16.212 Executing VM operation: G1CollectForAllocation
Event: 16.215 Executing VM operation: G1CollectForAllocation done
Event: 16.250 Executing VM operation: G1Concurrent
Event: 16.252 Executing VM operation: G1Concurrent done
Event: 16.270 Executing VM operation: G1Concurrent
Event: 16.270 Executing VM operation: G1Concurrent done
Event: 16.711 Executing VM operation: G1CollectForAllocation
Event: 16.723 Executing VM operation: G1CollectForAllocation done
Event: 16.745 Executing VM operation: HandshakeAllThreads
Event: 16.745 Executing VM operation: HandshakeAllThreads done
Event: 16.756 Executing VM operation: G1CollectForAllocation
Event: 16.759 Executing VM operation: G1CollectForAllocation done
Event: 17.318 Executing VM operation: ICBufferFull
Event: 17.319 Executing VM operation: ICBufferFull done
Event: 17.374 Executing VM operation: G1CollectForAllocation
Event: 17.378 Executing VM operation: G1CollectForAllocation done

Events (20 events):
Event: 17.339 loading class org/xml/sax/Locator done
Event: 17.341 loading class org/xml/sax/SAXParseException
Event: 17.341 loading class org/xml/sax/SAXParseException done
Event: 17.341 loading class org/xml/sax/Attributes
Event: 17.341 loading class org/xml/sax/Attributes done
Event: 17.429 loading class javax/management/InstanceAlreadyExistsException
Event: 17.429 loading class javax/management/InstanceAlreadyExistsException done
Event: 17.429 loading class javax/management/MBeanRegistrationException
Event: 17.429 loading class javax/management/MBeanRegistrationException done
Event: 17.429 loading class javax/management/NotCompliantMBeanException
Event: 17.429 loading class javax/management/NotCompliantMBeanException done
Event: 17.431 loading class com/sun/jmx/mbeanserver/StandardMBeanSupport
Event: 17.432 loading class com/sun/jmx/mbeanserver/StandardMBeanSupport done
Event: 17.432 loading class com/sun/jmx/mbeanserver/StandardMBeanIntrospector
Event: 17.432 loading class com/sun/jmx/mbeanserver/StandardMBeanIntrospector done
Event: 17.489 loading class javax/xml/stream/XMLStreamException
Event: 17.489 loading class javax/xml/stream/XMLStreamException done
Event: 17.513 loading class sun/reflect/annotation/AnnotationInvocationHandler$1
Event: 17.513 loading class sun/reflect/annotation/AnnotationInvocationHandler$1 done
Event: 17.616 loading class sun/reflect/generics/repository/FieldRepository


Dynamic libraries:
0x00007ff767b70000 - 0x00007ff767b7a000 	C:\Program Files\Android\Android Studio\jbr\bin\java.exe
0x00007ffacab50000 - 0x00007ffacad64000 	C:\WINDOWS\SYSTEM32\ntdll.dll
0x00007ffac9930000 - 0x00007ffac99f2000 	C:\WINDOWS\System32\KERNEL32.DLL
0x00007ffac7f50000 - 0x00007ffac82f3000 	C:\WINDOWS\System32\KERNELBASE.dll
0x00007ffac8380000 - 0x00007ffac8491000 	C:\WINDOWS\System32\ucrtbase.dll
0x00007ffa97b80000 - 0x00007ffa97b97000 	C:\Program Files\Android\Android Studio\jbr\bin\jli.dll
0x00007ffac9c00000 - 0x00007ffac9daa000 	C:\WINDOWS\System32\USER32.dll
0x00007ffaa9990000 - 0x00007ffaa9c1e000 	C:\WINDOWS\WinSxS\amd64_microsoft.windows.common-controls_6595b64144ccf1df_6.0.22621.1635_none_270f70857386168e\COMCTL32.dll
0x00007ffac86d0000 - 0x00007ffac86f6000 	C:\WINDOWS\System32\win32u.dll
0x00007ffac93a0000 - 0x00007ffac9447000 	C:\WINDOWS\System32\msvcrt.dll
0x00007ffac9a60000 - 0x00007ffac9a89000 	C:\WINDOWS\System32\GDI32.dll
0x00007ffac84a0000 - 0x00007ffac85b9000 	C:\WINDOWS\System32\gdi32full.dll
0x00007ffac85c0000 - 0x00007ffac865a000 	C:\WINDOWS\System32\msvcp_win.dll
0x00007ffa96010000 - 0x00007ffa9602b000 	C:\Program Files\Android\Android Studio\jbr\bin\VCRUNTIME140.dll
0x00007ffac9a00000 - 0x00007ffac9a31000 	C:\WINDOWS\System32\IMM32.DLL
0x00007ffaaa830000 - 0x00007ffaaa83c000 	C:\Program Files\Android\Android Studio\jbr\bin\vcruntime140_1.dll
0x00007ffa7bc00000 - 0x00007ffa7bc8d000 	C:\Program Files\Android\Android Studio\jbr\bin\msvcp140.dll
0x00007ffa2fe30000 - 0x00007ffa30a9d000 	C:\Program Files\Android\Android Studio\jbr\bin\server\jvm.dll
0x00007ffaca050000 - 0x00007ffaca0fe000 	C:\WINDOWS\System32\ADVAPI32.dll
0x00007ffac8940000 - 0x00007ffac89e4000 	C:\WINDOWS\System32\sechost.dll
0x00007ffac9ae0000 - 0x00007ffac9bf7000 	C:\WINDOWS\System32\RPCRT4.dll
0x00007ffabf840000 - 0x00007ffabf874000 	C:\WINDOWS\SYSTEM32\WINMM.dll
0x00007ffabf100000 - 0x00007ffabf10a000 	C:\WINDOWS\SYSTEM32\VERSION.dll
0x00007ffaaa5a0000 - 0x00007ffaaa5a9000 	C:\WINDOWS\SYSTEM32\WSOCK32.dll
0x00007ffacaa00000 - 0x00007ffacaa71000 	C:\WINDOWS\System32\WS2_32.dll
0x00007ffac7080000 - 0x00007ffac7098000 	C:\WINDOWS\SYSTEM32\kernel.appcore.dll
0x00007ffabe380000 - 0x00007ffabe38a000 	C:\Program Files\Android\Android Studio\jbr\bin\jimage.dll
0x00007ffac5b00000 - 0x00007ffac5d2e000 	C:\WINDOWS\SYSTEM32\DBGHELP.DLL
0x00007ffac8de0000 - 0x00007ffac9169000 	C:\WINDOWS\System32\combase.dll
0x00007ffac9db0000 - 0x00007ffac9e87000 	C:\WINDOWS\System32\OLEAUT32.dll
0x00007ffabbb80000 - 0x00007ffabbbb2000 	C:\WINDOWS\SYSTEM32\dbgcore.DLL
0x00007ffac8300000 - 0x00007ffac837a000 	C:\WINDOWS\System32\bcryptPrimitives.dll
0x00007ffaaab30000 - 0x00007ffaaab55000 	C:\Program Files\Android\Android Studio\jbr\bin\java.dll
0x00007ffab2de0000 - 0x00007ffab2df8000 	C:\Program Files\Android\Android Studio\jbr\bin\zip.dll
0x00007ffaca200000 - 0x00007ffaca9f9000 	C:\WINDOWS\System32\SHELL32.dll
0x00007ffac5f50000 - 0x00007ffac681e000 	C:\WINDOWS\SYSTEM32\windows.storage.dll
0x00007ffac5e10000 - 0x00007ffac5f4e000 	C:\WINDOWS\SYSTEM32\wintypes.dll
0x00007ffaca100000 - 0x00007ffaca1f1000 	C:\WINDOWS\System32\SHCORE.dll
0x00007ffac8bb0000 - 0x00007ffac8c0e000 	C:\WINDOWS\System32\shlwapi.dll
0x00007ffac7e80000 - 0x00007ffac7ea6000 	C:\WINDOWS\SYSTEM32\profapi.dll
0x00007ffab2cf0000 - 0x00007ffab2d09000 	C:\Program Files\Android\Android Studio\jbr\bin\net.dll
0x00007ffac09f0000 - 0x00007ffac0b27000 	C:\WINDOWS\SYSTEM32\WINHTTP.dll
0x00007ffac7500000 - 0x00007ffac7569000 	C:\WINDOWS\system32\mswsock.dll
0x00007ffab2c10000 - 0x00007ffab2c26000 	C:\Program Files\Android\Android Studio\jbr\bin\nio.dll
0x00007ffaba5f0000 - 0x00007ffaba600000 	C:\Program Files\Android\Android Studio\jbr\bin\verify.dll
0x00007ffa9d720000 - 0x00007ffa9d747000 	C:\Users\nimasha\.gradle\native\68d5fa5c4cc2d200863cafc0d521ce42e7d3e7ee720ec0a83991735586a16f82\windows-amd64\native-platform.dll
0x00007ffa5b990000 - 0x00007ffa5bad4000 	C:\Users\nimasha\.gradle\native\e376f236ea51e6404a007f0833ffe2c6e607c4080706a723a18a27aeea778392\windows-amd64\native-platform-file-events.dll
0x00007ffabad30000 - 0x00007ffabad39000 	C:\Program Files\Android\Android Studio\jbr\bin\management.dll
0x00007ffaba740000 - 0x00007ffaba74b000 	C:\Program Files\Android\Android Studio\jbr\bin\management_ext.dll
0x00007ffac8930000 - 0x00007ffac8938000 	C:\WINDOWS\System32\PSAPI.DLL
0x00007ffac7760000 - 0x00007ffac777b000 	C:\WINDOWS\SYSTEM32\CRYPTSP.dll
0x00007ffac6ff0000 - 0x00007ffac7025000 	C:\WINDOWS\system32\rsaenh.dll
0x00007ffac7600000 - 0x00007ffac762c000 	C:\WINDOWS\SYSTEM32\USERENV.dll
0x00007ffac7900000 - 0x00007ffac7928000 	C:\WINDOWS\SYSTEM32\bcrypt.dll
0x00007ffac7780000 - 0x00007ffac778c000 	C:\WINDOWS\SYSTEM32\CRYPTBASE.dll
0x00007ffac6af0000 - 0x00007ffac6b1d000 	C:\WINDOWS\SYSTEM32\IPHLPAPI.DLL
0x00007ffac8c10000 - 0x00007ffac8c19000 	C:\WINDOWS\System32\NSI.dll
0x00007ffabf9a0000 - 0x00007ffabf9b9000 	C:\WINDOWS\SYSTEM32\dhcpcsvc6.DLL
0x00007ffabf980000 - 0x00007ffabf99f000 	C:\WINDOWS\SYSTEM32\dhcpcsvc.DLL
0x00007ffac6b20000 - 0x00007ffac6c13000 	C:\WINDOWS\SYSTEM32\DNSAPI.dll
0x00007ffab2a00000 - 0x00007ffab2a08000 	C:\WINDOWS\system32\wshunix.dll
0x00007ffabf970000 - 0x00007ffabf97a000 	C:\Windows\System32\rasadhlp.dll
0x00007ffabf500000 - 0x00007ffabf584000 	C:\WINDOWS\System32\fwpuclnt.dll

dbghelp: loaded successfully - version: 4.0.5 - missing functions: none
symbol engine: initialized successfully - sym options: 0x614 - pdb path: .;C:\Program Files\Android\Android Studio\jbr\bin;C:\WINDOWS\SYSTEM32;C:\WINDOWS\WinSxS\amd64_microsoft.windows.common-controls_6595b64144ccf1df_6.0.22621.1635_none_270f70857386168e;C:\Program Files\Android\Android Studio\jbr\bin\server;C:\Users\nimasha\.gradle\native\68d5fa5c4cc2d200863cafc0d521ce42e7d3e7ee720ec0a83991735586a16f82\windows-amd64;C:\Users\nimasha\.gradle\native\e376f236ea51e6404a007f0833ffe2c6e607c4080706a723a18a27aeea778392\windows-amd64

VM Arguments:
jvm_args: --add-opens=java.base/java.util=ALL-UNNAMED --add-opens=java.base/java.lang=ALL-UNNAMED --add-opens=java.base/java.lang.invoke=ALL-UNNAMED --add-opens=java.prefs/java.util.prefs=ALL-UNNAMED --add-opens=java.base/java.nio.charset=ALL-UNNAMED --add-opens=java.base/java.net=ALL-UNNAMED --add-opens=java.base/java.util.concurrent.atomic=ALL-UNNAMED -Xmx2048m -Dfile.encoding=UTF-8 -Duser.country=US -Duser.language=en -Duser.variant 
java_command: org.gradle.launcher.daemon.bootstrap.GradleDaemon 8.0
java_class_path (initial): C:\Users\nimasha\.gradle\wrapper\dists\gradle-8.0-bin\ca5e32bp14vu59qr306oxotwh\gradle-8.0\lib\gradle-launcher-8.0.jar
Launcher Type: SUN_STANDARD

[Global flags]
     intx CICompilerCount                          = 4                                         {product} {ergonomic}
     uint ConcGCThreads                            = 2                                         {product} {ergonomic}
     uint G1ConcRefinementThreads                  = 8                                         {product} {ergonomic}
   size_t G1HeapRegionSize                         = 1048576                                   {product} {ergonomic}
    uintx GCDrainStackTargetSize                   = 64                                        {product} {ergonomic}
   size_t InitialHeapSize                          = 132120576                                 {product} {ergonomic}
   size_t MarkStackSize                            = 4194304                                   {product} {ergonomic}
   size_t MaxHeapSize                              = 2147483648                                {product} {command line}
   size_t MaxNewSize                               = 1287651328                                {product} {ergonomic}
   size_t MinHeapDeltaBytes                        = 1048576                                   {product} {ergonomic}
   size_t MinHeapSize                              = 8388608                                   {product} {ergonomic}
    uintx NonNMethodCodeHeapSize                   = 5839372                                {pd product} {ergonomic}
    uintx NonProfiledCodeHeapSize                  = 122909434                              {pd product} {ergonomic}
    uintx ProfiledCodeHeapSize                     = 122909434                              {pd product} {ergonomic}
    uintx ReservedCodeCacheSize                    = 251658240                              {pd product} {ergonomic}
     bool SegmentedCodeCache                       = true                                      {product} {ergonomic}
   size_t SoftMaxHeapSize                          = 2147483648                             {manageable} {ergonomic}
     bool UseCompressedClassPointers               = true                           {product lp64_product} {ergonomic}
     bool UseCompressedOops                        = true                           {product lp64_product} {ergonomic}
     bool UseG1GC                                  = true                                      {product} {ergonomic}
     bool UseLargePagesIndividualAllocation        = false                                  {pd product} {ergonomic}

Logging:
Log output configuration:
 #0: stdout all=warning uptime,level,tags
 #1: stderr all=off uptime,level,tags

Environment Variables:
PATH=C:\Program Files\Common Files\Oracle\Java\javapath;C:\windows\system32;C:\windows;C:\windows\System32\Wbem;C:\windows\System32\WindowsPowerShell\v1.0\;C:\windows\System32\OpenSSH\;C:\Program Files (x86)\NVIDIA Corporation\PhysX\Common;C:\Program Files\NVIDIA Corporation\NVIDIA NvDLISR;C:\WINDOWS\system32;C:\WINDOWS;C:\WINDOWS\System32\Wbem;C:\WINDOWS\System32\WindowsPowerShell\v1.0\;C:\WINDOWS\System32\OpenSSH\;C:\Program Files\Microsoft SQL Server\Client SDK\ODBC\170\Tools\Binn\;C:\Program Files (x86)\Microsoft SQL Server\150\Tools\Binn\;C:\Program Files\Microsoft SQL Server\150\Tools\Binn\;C:\Program Files\Microsoft SQL Server\150\DTS\Binn\;C:\Program Files (x86)\Microsoft SQL Server\150\DTS\Binn\;C:\Program Files\Java\jre1.8.0_291\bin;C:\Program Files\Java\jre1.8.0_333\bin;C:\Program Files\Java\jdk1.8.0_291\bin;C:\Program Files\Java\jdk-18.0.1.1\bin;C:\Program Files (x86)\dotnet\;C:\WINDOWS\system32;C:\WINDOWS;C:\WINDOWS\System32\Wbem;C:\WINDOWS\System32\WindowsPowerShell\v1.0\;C:\WINDOWS\System32\OpenSSH\;C:\Program Files\Git\cmd;C:\Program Files\nodejs\;C:\Users\nimasha\AppData\Local\Programs\Python\Python311\Scripts\;C:\Users\nimasha\AppData\Local\Programs\Python\Python311\;C:\Users\nimasha\AppData\Local\Programs\Python\Launcher\;C:\Program Files\MySQL\MySQL Shell 8.0\bin\;C:\Users\nimasha\AppData\Local\Microsoft\WindowsApps;C:\Program Files\Azure Data Studio\bin;C:\Users\nimasha\AppData\Local\Programs\Microsoft VS Code\bin;C:\Users\nimasha\AppData\Roaming\npm;C:\Users\nimasha\AppData\Local\GitHubDesktop\bin
USERNAME=nimasha
OS=Windows_NT
PROCESSOR_IDENTIFIER=Intel64 Family 6 Model 140 Stepping 1, GenuineIntel
TMP=C:\Users\nimasha\AppData\Local\Temp
TEMP=C:\Users\nimasha\AppData\Local\Temp



---------------  S Y S T E M  ---------------

OS:
 Windows 11 , 64 bit Build 22621 (10.0.22621.1928)
OS uptime: 2 days 10:50 hours

CPU: total 8 (initial active 8) (4 cores per cpu, 2 threads per core) family 6 model 140 stepping 1 microcode 0x86, cx8, cmov, fxsr, ht, mmx, 3dnowpref, sse, sse2, sse3, ssse3, sse4.1, sse4.2, popcnt, lzcnt, tsc, tscinvbit, avx, avx2, aes, erms, clmul, bmi1, bmi2, adx, avx512f, avx512dq, avx512cd, avx512bw, avx512vl, sha, fma, vzeroupper, avx512_vpopcntdq, avx512_vpclmulqdq, avx512_vaes, avx512_vnni, clflush, clflushopt, clwb, avx512_vbmi2, avx512_vbmi

Memory: 4k page, system-wide physical 7957M (422M free)
TotalPageFile size 32533M (AvailPageFile size 14M)
current process WorkingSet (physical memory assigned to process): 319M, peak: 319M
current process commit charge ("private bytes"): 389M, peak: 390M

vm_info: OpenJDK 64-Bit Server VM (17.0.6+0-b2043.56-9586694) for windows-amd64 JRE (17.0.6+0-b2043.56-9586694), built on Feb  9 2023 20:06:20 by "androidbuild" with MS VC++ 16.10 / 16.11 (VS2019)

END.
